<?xml version="1.0" encoding="UTF-8"?>
<!-- Generated by org.testng.reporters.JUnitReportReporter -->
<testsuite hostname="DESKTOP-JQMCIDH" failures="0" tests="1" name="levelUp.JenkinsProject.NewTest" time="0.029" errors="0" timestamp="2021-09-04T13:16:38 IST" skipped="0">
  <testcase classname="levelUp.JenkinsProject.NewTest" name="MyTestMethod" time="0.029"/>
  <system-out/>
</testsuite> <!-- levelUp.JenkinsProject.NewTest -->
